<?xml version="1.0" encoding="UTF-8" ?>
<testsuite tests="49" failures="1" name="TestSuite" time="2.446" errors="0" skipped="48">
  <properties>
[...]
</properties>
  <testcase classname="hpe.NewSSD.SSDModuleTest" name="ToVerifySSDURLLaunch" time="2.429">
    <failure type="java.lang.NullPointerException">java.lang.NullPointerException
	at hpessdResource.BaseClass.Intialization(BaseClass.java:82)
	at hpe.NewSSD.SSDModuleTest.ToVerifySSDURLLaunch(SSDModuleTest.java:57)
</failure>
    <system-out>Configuring TestNG with: org.apache.maven.surefire.testng.conf.TestNG652Configurator@5479e3f
</system-out>
  </testcase>
  <testcase classname="hpe.NewSSD.SSDModuleTest" name="ToVerifySSDURLLaunch" time="0.002">
    <skipped/>
  </testcase>
  <testcase classname="hpe.NewSSD.SSDModuleTest" name="ToVerifyLabelInHomePage" time="0">
    <skipped/>
  </testcase>
  <testcase classname="hpe.NewSSD.SSDModuleTest" name="ToVerifyHelpMeChooseBtn" time="0">
    <skipped/>
  </testcase>
  <testcase classname="hpe.NewSSD.SSDModuleTest" name="ToVerifyWorkloadDisplay" time="0">
    <skipped/>
  </testcase>
  <testcase classname="hpe.NewSSD.SSDModuleTest" name="ToSelectTheWorkload" time="0">
    <skipped/>
  </testcase>
  <testcase classname="hpe.NewSSD.SSDModuleTest" name="ToVerifySSDTypePage" time="0">
    <skipped/>
  </testcase>
  <testcase classname="hpe.NewSSD.SSDModuleTest" name="ToVerifyToSelectSeverType" time="0">
    <skipped/>
  </testcase>
  <testcase classname="hpe.NewSSD.SSDModuleTest" name="ToVerifyInterfacePage" time="0">
    <skipped/>
  </testcase>
  <testcase classname="hpe.NewSSD.SSDModuleTest" name="ToVerifyFormFactorPage" time="0">
    <skipped/>
  </testcase>
  <testcase classname="hpe.NewSSD.SSDModuleTest" name="ToVerifyMainstreamPage" time="0.001">
    <skipped/>
  </testcase>
  <testcase classname="hpe.NewSSD.SSDModuleTest" name="ToVerifySSDResultPage" time="0">
    <skipped/>
  </testcase>
  <testcase classname="hpe.NewSSD.SSDModuleTest" name="ToVerifySSDResults" time="0.001">
    <skipped/>
  </testcase>
  <testcase classname="hpe.NewSSD.SSDModuleTest" name="ToVerifyResultPageSelectedServerTypeDisplayed" time="0.001">
    <skipped/>
  </testcase>
  <testcase classname="hpe.NewSSD.SSDModuleTest" name="ToVerifyToSelectServerModel" time="0">
    <skipped/>
  </testcase>
  <testcase classname="hpe.NewSSD.SSDModuleTest" name="ToVerifySSDsResults" time="0">
    <skipped/>
  </testcase>
  <testcase classname="hpe.NewSSD.SSDModuleTest" name="ToVerifySSDsResultOnChangeServertype" time="0">
    <skipped/>
  </testcase>
  <testcase classname="hpe.NewSSD.SSDModuleTest" name="ToVerifySSDsMixedMainStreamResults" time="0">
    <skipped/>
  </testcase>
  <testcase classname="hpe.NewSSD.SSDModuleTest" name="ToVerifyToSelectServerType" time="0">
    <skipped/>
  </testcase>
  <testcase classname="hpe.NewSSD.SSDModuleTest" name="ToVerifySelectedServerSSDs" time="0">
    <skipped/>
  </testcase>
  <testcase classname="hpe.NewSSD.SSDModuleTest" name="ToVerifyAlertMessageUnableUnCheckBestAvailabilityOptions" time="0.001">
    <skipped/>
  </testcase>
  <testcase classname="hpe.NewSSD.SSDModuleTest" name="ToVerifySSDResultsNotChanged" time="0">
    <skipped/>
  </testcase>
  <testcase classname="hpe.NewSSD.SSDModuleTest" name="ToVerifySKUNumberInSearchTab" time="0">
    <skipped/>
  </testcase>
  <testcase classname="hpe.NewSSD.SSDModuleTest" name="ToVerifySSDResultBasedOnSearch" time="0">
    <skipped/>
  </testcase>
  <testcase classname="hpe.NewSSD.SSDModuleTest" name="ToVerifySSDResultClearedSearchTab" time="0">
    <skipped/>
  </testcase>
  <testcase classname="hpe.NewSSD.SSDModuleTest" name="ToVerifyCapacitySliderValue" time="0">
    <skipped/>
  </testcase>
  <testcase classname="hpe.NewSSD.SSDModuleTest" name="ToVerifyMessageDisplayedForInvalidSKU" time="0.001">
    <skipped/>
  </testcase>
  <testcase classname="hpe.NewSSD.SSDModuleTest" name="ToVerifyNoSSDMessageDisplayed" time="0">
    <skipped/>
  </testcase>
  <testcase classname="hpe.NewSSD.SSDModuleTest" name="ToVerifyMessageDisplayedInRedColour" time="0">
    <skipped/>
  </testcase>
  <testcase classname="hpe.NewSSD.SSDModuleTest" name="ToVerifySSDDisplayed" time="0">
    <skipped/>
  </testcase>
  <testcase classname="hpe.NewSSD.SSDModuleTest" name="ToVerifyResetButton" time="0.001">
    <skipped/>
  </testcase>
  <testcase classname="hpe.NewSSD.SSDModuleTest" name="ToVerifyMaxCapacityValue" time="0.002">
    <skipped/>
  </testcase>
  <testcase classname="hpe.NewSSD.SSDModuleTest" name="ToVerifySpecialFeatureIcons" time="0">
    <skipped/>
  </testcase>
  <testcase classname="hpe.NewSSD.SSDModuleTest" name="MouseTextForSanitizeBlockEraseToolTip" time="0.002">
    <skipped/>
  </testcase>
  <testcase classname="hpe.NewSSD.SSDModuleTest" name="MouseTextForSanitizeCryptoEraseToolTip" time="0">
    <skipped/>
  </testcase>
  <testcase classname="hpe.NewSSD.SSDModuleTest" name="MouseTextForSecureEraseToolTip" time="0.001">
    <skipped/>
  </testcase>
  <testcase classname="hpe.NewSSD.SSDModuleTest" name="MouseTextForTrimToolTip" time="0">
    <skipped/>
  </testcase>
  <testcase classname="hpe.NewSSD.SSDModuleTest" name="MouseTextForSelfEncrypDriverToolTip" time="0.001">
    <skipped/>
  </testcase>
  <testcase classname="hpe.NewSSD.SSDModuleTest" name="MouseTextForDigitallySignedToolTip" time="0.001">
    <skipped/>
  </testcase>
  <testcase classname="hpe.NewSSD.SSDModuleTest" name="MouseTextForPowerThrottlingToolTip" time="0.001">
    <skipped/>
  </testcase>
  <testcase classname="hpe.NewSSD.SSDModuleTest" name="MouseTextForTradeArgementActToolTip" time="0">
    <skipped/>
  </testcase>
  <testcase classname="hpe.NewSSD.SSDModuleTest" name="MouseTextForFederalInformationToolTip" time="0">
    <skipped/>
  </testcase>
  <testcase classname="hpe.NewSSD.SSDModuleTest" name="MouseTextForNonDisruptiveUpdateToolTip" time="0">
    <skipped/>
  </testcase>
  <testcase classname="hpe.NewSSD.SSDModuleTest" name="ToVerifyHomePageDisplay" time="0">
    <skipped/>
  </testcase>
  <testcase classname="hpe.NewSSD.SSDModuleTest" name="ToVerifyHepMeChoose" time="0">
    <skipped/>
  </testcase>
  <testcase classname="hpe.NewSSD.SSDModuleTest" name="ToVerifySSDPageOptions" time="0">
    <skipped/>
  </testcase>
  <testcase classname="hpe.NewSSD.SSDModuleTest" name="ToVerifyServerTypePageOptions" time="0.001">
    <skipped/>
  </testcase>
  <testcase classname="hpe.NewSSD.SSDModuleTest" name="ToVerifyInterfaceOption" time="0">
    <skipped/>
  </testcase>
  <testcase classname="hpe.NewSSD.SSDModuleTest" name="ToVerifyServerTypeOptions" time="0">
    <skipped/>
  </testcase>
</testsuite>